0 info it worked if it ends with ok
1 verbose cli [
1 verbose cli   '/data/data/com.termux/files/usr/bin/node',
1 verbose cli   '/data/data/com.termux/files/usr/bin/npm',
1 verbose cli   'run',
1 verbose cli   'start'
1 verbose cli ]
2 info using npm@6.14.10
3 info using node@v14.15.4
4 verbose run-script [ 'prestart', 'start', 'poststart' ]
5 info lifecycle react-way-of-samurai@0.1.0~prestart: react-way-of-samurai@0.1.0
6 info lifecycle react-way-of-samurai@0.1.0~start: react-way-of-samurai@0.1.0
7 verbose lifecycle react-way-of-samurai@0.1.0~start: unsafe-perm in lifecycle true
8 verbose lifecycle react-way-of-samurai@0.1.0~start: PATH: /data/data/com.termux/files/usr/lib/node_modules/npm/node_modules/npm-lifecycle/node-gyp-bin:/data/data/com.termux/files/home/react-way-of-samurai/node_modules/.bin:/data/data/com.termux/files/usr/bin:/data/data/com.termux/files/usr/bin/applets
9 verbose lifecycle react-way-of-samurai@0.1.0~start: CWD: /data/data/com.termux/files/home/react-way-of-samurai
10 silly lifecycle react-way-of-samurai@0.1.0~start: Args: [ '-c', 'react-scripts start' ]
11 info lifecycle react-way-of-samurai@0.1.0~start: Failed to exec start script
12 verbose stack Error: react-way-of-samurai@0.1.0 start: `react-scripts start`
12 verbose stack spawn ENOENT
12 verbose stack     at ChildProcess.<anonymous> (/data/data/com.termux/files/usr/lib/node_modules/npm/node_modules/npm-lifecycle/lib/spawn.js:48:18)
12 verbose stack     at ChildProcess.emit (events.js:315:20)
12 verbose stack     at maybeClose (internal/child_process.js:1048:16)
12 verbose stack     at Process.ChildProcess._handle.onexit (internal/child_process.js:288:5)
13 verbose pkgid react-way-of-samurai@0.1.0
14 verbose cwd /data/data/com.termux/files/home/react-way-of-samurai
15 verbose Linux 4.4.177-20057438
16 verbose argv "/data/data/com.termux/files/usr/bin/node" "/data/data/com.termux/files/usr/bin/npm" "run" "start"
17 verbose node v14.15.4
18 verbose npm  v6.14.10
19 error code ELIFECYCLE
20 error syscall spawn
21 error file sh
22 error errno ENOENT
23 error react-way-of-samurai@0.1.0 start: `react-scripts start`
23 error spawn ENOENT
24 error Failed at the react-way-of-samurai@0.1.0 start script.
24 error This is probably not a problem with npm. There is likely additional logging output above.
25 verbose exit [ 1, true ]
